Using pre-set license
Built from '2022.3/staging' branch; Version is '2022.3.47f1 (88c277b85d21) revision 8962679'; Using compiler version '192829333'; Build Type 'Release'
OS: 'Windows 10  (10.0.19045) 64bit Core' Language: 'es' Physical Memory: 16181 MB
BatchMode: 1, IsHumanControllingUs: 0, StartBugReporterOnCrash: 0, Is64bit: 1, IsPro: 1

COMMAND LINE ARGUMENTS:
C:\Program Files\Unity\Hub\Editor\2022.3.47f1\Editor\Unity.exe
-adb2
-batchMode
-noUpm
-name
AssetImportWorker2
-projectPath
C:/Users/anarb/OneDrive/Escritorio/Motores/MotoresParcial1/PrimerParcial
-logFile
Logs/AssetImportWorker2.log
-srvPort
54518
Successfully changed project path to: C:/Users/anarb/OneDrive/Escritorio/Motores/MotoresParcial1/PrimerParcial
C:/Users/anarb/OneDrive/Escritorio/Motores/MotoresParcial1/PrimerParcial
[UnityMemory] Configuration Parameters - Can be set up in boot.config
    "memorysetup-bucket-allocator-granularity=16"
    "memorysetup-bucket-allocator-bucket-count=8"
    "memorysetup-bucket-allocator-block-size=33554432"
    "memorysetup-bucket-allocator-block-count=8"
    "memorysetup-main-allocator-block-size=16777216"
    "memorysetup-thread-allocator-block-size=16777216"
    "memorysetup-gfx-main-allocator-block-size=16777216"
    "memorysetup-gfx-thread-allocator-block-size=16777216"
    "memorysetup-cache-allocator-block-size=4194304"
    "memorysetup-typetree-allocator-block-size=2097152"
    "memorysetup-profiler-bucket-allocator-granularity=16"
    "memorysetup-profiler-bucket-allocator-bucket-count=8"
    "memorysetup-profiler-bucket-allocator-block-size=33554432"
    "memorysetup-profiler-bucket-allocator-block-count=8"
    "memorysetup-profiler-allocator-block-size=16777216"
    "memorysetup-profiler-editor-allocator-block-size=1048576"
    "memorysetup-temp-allocator-size-main=16777216"
    "memorysetup-job-temp-allocator-block-size=2097152"
    "memorysetup-job-temp-allocator-block-size-background=1048576"
    "memorysetup-job-temp-allocator-reduction-small-platforms=262144"
    "memorysetup-allocator-temp-initial-block-size-main=262144"
    "memorysetup-allocator-temp-initial-block-size-worker=262144"
    "memorysetup-temp-allocator-size-background-worker=32768"
    "memorysetup-temp-allocator-size-job-worker=262144"
    "memorysetup-temp-allocator-size-preload-manager=33554432"
    "memorysetup-temp-allocator-size-nav-mesh-worker=65536"
    "memorysetup-temp-allocator-size-audio-worker=65536"
    "memorysetup-temp-allocator-size-cloud-worker=32768"
    "memorysetup-temp-allocator-size-gi-baking-worker=262144"
    "memorysetup-temp-allocator-size-gfx=262144"
Player connection [15712]  Target information:

Player connection [15712]  * "[IP] 192.168.0.9 [Port] 0 [Flags] 2 [Guid] 1825254791 [EditorId] 1825254791 [Version] 1048832 [Id] WindowsEditor(7,DESKTOP-GEQ3JMA) [Debug] 1 [PackageName] WindowsEditor [ProjectName] Editor" 

Player connection [15712] Host joined multi-casting on [225.0.0.222:54997]...
Player connection [15712] Host joined alternative multi-casting on [225.0.0.222:34997]...
[PhysX] Initialized MultithreadedTaskDispatcher with 16 workers.
Refreshing native plugins compatible for Editor in 8.12 ms, found 3 plugins.
Preloading 0 native plugins for Editor in 0.00 ms.
Initialize engine version: 2022.3.47f1 (88c277b85d21)
[Subsystems] Discovering subsystems at path C:/Program Files/Unity/Hub/Editor/2022.3.47f1/Editor/Data/Resources/UnitySubsystems
[Subsystems] Discovering subsystems at path C:/Users/anarb/OneDrive/Escritorio/Motores/MotoresParcial1/PrimerParcial/Assets
GfxDevice: creating device client; threaded=0; jobified=0
Direct3D:
    Version:  Direct3D 11.0 [level 11.1]
    Renderer: Intel(R) UHD Graphics 750 (ID=0x4c8a)
    Vendor:   Intel
    VRAM:     8090 MB
    Driver:   32.0.101.5989
Initialize mono
Mono path[0] = 'C:/Program Files/Unity/Hub/Editor/2022.3.47f1/Editor/Data/Managed'
Mono path[1] = 'C:/Program Files/Unity/Hub/Editor/2022.3.47f1/Editor/Data/MonoBleedingEdge/lib/mono/unityjit-win32'
Mono config path = 'C:/Program Files/Unity/Hub/Editor/2022.3.47f1/Editor/Data/MonoBleedingEdge/etc'
Using monoOptions --debugger-agent=transport=dt_socket,embedding=1,server=y,suspend=n,address=127.0.0.1:56332
Begin MonoManager ReloadAssembly
Registering precompiled unity dll's ...
Register platform support module: C:/Program Files/Unity/Hub/Editor/2022.3.47f1/Editor/Data/PlaybackEngines/WindowsStandaloneSupport/UnityEditor.WindowsStandalone.Extensions.dll
Registered in 0.008002 seconds.
- Loaded All Assemblies, in  0.270 seconds
Native extension for WindowsStandalone target not found
Mono: successfully reloaded assembly
- Finished resetting the current domain, in  0.196 seconds
Domain Reload Profiling: 464ms
	BeginReloadAssembly (94ms)
		ExecutionOrderSort (0ms)
		DisableScriptedObjects (0ms)
		BackupInstance (0ms)
		ReleaseScriptingObjects (0ms)
		CreateAndSetChildDomain (1ms)
	RebuildCommonClasses (24ms)
	RebuildNativeTypeToScriptingClass (7ms)
	initialDomainReloadingComplete (48ms)
	LoadAllAssembliesAndSetupDomain (95ms)
		LoadAssemblies (92ms)
		RebuildTransferFunctionScriptingTraits (0ms)
		AnalyzeDomain (93ms)
			TypeCache.Refresh (92ms)
				TypeCache.ScanAssembly (82ms)
			ScanForSourceGeneratedMonoScriptInfo (0ms)
			ResolveRequiredComponents (0ms)
	FinalizeReload (196ms)
		ReleaseScriptCaches (0ms)
		RebuildScriptCaches (0ms)
		SetupLoadedEditorAssemblies (159ms)
			LogAssemblyErrors (0ms)
			InitializePlatformSupportModulesInManaged (8ms)
			SetLoadedEditorAssemblies (6ms)
			RefreshPlugins (0ms)
			BeforeProcessingInitializeOnLoad (2ms)
			ProcessInitializeOnLoadAttributes (109ms)
			ProcessInitializeOnLoadMethodAttributes (34ms)
			AfterProcessingInitializeOnLoad (0ms)
			EditorAssembliesLoaded (0ms)
		ExecutionOrderSort2 (0ms)
		AwakeInstancesAfterBackupRestoration (0ms)
========================================================================
Worker process is ready to serve import requests
Caller must complete domain reload
Begin MonoManager ReloadAssembly
- Loaded All Assemblies, in  0.603 seconds
Native extension for WindowsStandalone target not found
Package Manager log level set to [2]
[Package Manager] Server::EnsureServerProcessIsRunning -- launch failed, reason: Unity was launched with the -noUpm command-line argument
[Package Manager] UpmClient::Send -- Unable to send message (not connected to UPM process).
[Package Manager] Cannot connect to Unity Package Manager local server
Mono: successfully reloaded assembly
- Finished resetting the current domain, in  0.435 seconds
Domain Reload Profiling: 1036ms
	BeginReloadAssembly (120ms)
		ExecutionOrderSort (0ms)
		DisableScriptedObjects (4ms)
		BackupInstance (0ms)
		ReleaseScriptingObjects (0ms)
		CreateAndSetChildDomain (16ms)
	RebuildCommonClasses (23ms)
	RebuildNativeTypeToScriptingClass (7ms)
	initialDomainReloadingComplete (34ms)
	LoadAllAssembliesAndSetupDomain (416ms)
		LoadAssemblies (335ms)
		RebuildTransferFunctionScriptingTraits (0ms)
		AnalyzeDomain (155ms)
			TypeCache.Refresh (140ms)
				TypeCache.ScanAssembly (122ms)
			ScanForSourceGeneratedMonoScriptInfo (10ms)
			ResolveRequiredComponents (3ms)
	FinalizeReload (436ms)
		ReleaseScriptCaches (0ms)
		RebuildScriptCaches (0ms)
		SetupLoadedEditorAssemblies (335ms)
			LogAssemblyErrors (0ms)
			InitializePlatformSupportModulesInManaged (5ms)
			SetLoadedEditorAssemblies (4ms)
			RefreshPlugins (0ms)
			BeforeProcessingInitializeOnLoad (49ms)
			ProcessInitializeOnLoadAttributes (257ms)
			ProcessInitializeOnLoadMethodAttributes (14ms)
			AfterProcessingInitializeOnLoad (6ms)
			EditorAssembliesLoaded (0ms)
		ExecutionOrderSort2 (0ms)
		AwakeInstancesAfterBackupRestoration (5ms)
Launched and connected shader compiler UnityShaderCompiler.exe after 0.03 seconds
Refreshing native plugins compatible for Editor in 2.86 ms, found 3 plugins.
Preloading 0 native plugins for Editor in 0.00 ms.
Unloading 3091 Unused Serialized files (Serialized files now loaded: 0)
Unloading 19 unused Assets / (54.9 KB). Loaded Objects now: 3560.
Memory consumption went from 118.7 MB to 118.6 MB.
Total: 2.471600 ms (FindLiveObjects: 0.239600 ms CreateObjectMapping: 0.088200 ms MarkObjects: 2.052900 ms  DeleteObjects: 0.089900 ms)

AssetImportParameters requested are different than current active one (requested -> active):
  custom:container-demuxer-ogg: 62fdf1f143b41e24485cea50d1cbac27 -> 
  custom:video-decoder-ogg-theora: a1e56fd34408186e4bbccfd4996cb3dc -> 
  custom:framework-win-MediaFoundation: 216162199b28c13a410421893ffa2e32 -> 
  custom:CustomObjectIndexerAttribute: 9a22284fe3817be447336de3de66b15e -> 
  custom:container-demuxer-webm: 4f35f7cbe854078d1ac9338744f61a02 -> 
  custom:container-muxer-webm: aa71ff27fc2769a1b78a27578f13a17b -> 
  custom:video-decoder-webm-vp8: 9c59270c3fd7afecdb556c50c9e8de78 -> 
  custom:SearchIndexIgnoredProperties: e643bd26f0fe6173181afceb89e7c659 -> 
  custom:AudioImporter_EditorPlatform: d09bf68614088b80899f8185d706f6e7 -> 
  custom:video-encoder-webm-vp8: eb34c28f22e8b96e1ab97ce403110664 -> 
  custom:audio-decoder-ogg-vorbis: bf7c407c2cedff20999df2af8eb42d56 -> 
  custom:audio-encoder-webm-vorbis: bf7c407c2cedff20999df2af8eb42d56 -> 
========================================================================
Received Import Request.
  Time since last request: 42543.247340 seconds.
  path: Assets/AurynSky/Dungeon Pack/Materials/Fuego 1.mat
  artifactKey: Guid(be98e4b92d829c94d9733937293698fc) Importer(815301076,1909f56bfc062723c751e8b465ee728b)
Start importing Assets/AurynSky/Dungeon Pack/Materials/Fuego 1.mat using Guid(be98e4b92d829c94d9733937293698fc) Importer(815301076,1909f56bfc062723c751e8b465ee728b) [PhysX] Initialized MultithreadedTaskDispatcher with 16 workers.
[PhysX] Initialized MultithreadedTaskDispatcher with 16 workers.
 -> (artifact id: '512bd79ce656a1c957b242ee0d80c9fb') in 0.109248 seconds
Number of updated asset objects reloaded before import = 0
Number of asset objects unloaded after import = 1
========================================================================
Received Import Request.
  Time since last request: 7.609993 seconds.
  path: Assets/AurynSky/Dungeon Pack/Materials/Transparente.mat
  artifactKey: Guid(be98e4b92d829c94d9733937293698fc) Importer(815301076,1909f56bfc062723c751e8b465ee728b)
Start importing Assets/AurynSky/Dungeon Pack/Materials/Transparente.mat using Guid(be98e4b92d829c94d9733937293698fc) Importer(815301076,1909f56bfc062723c751e8b465ee728b) [PhysX] Initialized MultithreadedTaskDispatcher with 16 workers.
[PhysX] Initialized MultithreadedTaskDispatcher with 16 workers.
 -> (artifact id: '60da079fc7e22058ebca773c9a6f2f54') in 0.022994 seconds
Number of updated asset objects reloaded before import = 0
Number of asset objects unloaded after import = 1
========================================================================
Received Import Request.
  Time since last request: 52.453369 seconds.
  path: Assets/AurynSky/Dungeon Pack/Materials/Transparente.mat
  artifactKey: Guid(be98e4b92d829c94d9733937293698fc) Importer(815301076,1909f56bfc062723c751e8b465ee728b)
Start importing Assets/AurynSky/Dungeon Pack/Materials/Transparente.mat using Guid(be98e4b92d829c94d9733937293698fc) Importer(815301076,1909f56bfc062723c751e8b465ee728b) [PhysX] Initialized MultithreadedTaskDispatcher with 16 workers.
[PhysX] Initialized MultithreadedTaskDispatcher with 16 workers.
 -> (artifact id: '872db2d81c4d8488549a509dbff14cc3') in 0.203559 seconds
Number of updated asset objects reloaded before import = 0
Number of asset objects unloaded after import = 1
========================================================================
Received Import Request.
  Time since last request: 176.109544 seconds.
  path: Assets/AurynSky/Dungeon Pack/Enemies
  artifactKey: Guid(df23c12f04be54b4487a89ac313ef727) Importer(815301076,1909f56bfc062723c751e8b465ee728b)
Start importing Assets/AurynSky/Dungeon Pack/Enemies using Guid(df23c12f04be54b4487a89ac313ef727) Importer(815301076,1909f56bfc062723c751e8b465ee728b) [PhysX] Initialized MultithreadedTaskDispatcher with 16 workers.
 -> (artifact id: '245a7f13a9632de88b1919604b0b7a48') in 0.000780 seconds
Number of updated asset objects reloaded before import = 0
Number of asset objects unloaded after import = 0
========================================================================
Received Import Request.
  Time since last request: 22.002847 seconds.
  path: Assets/AurynSky/Dungeon Pack/Enemies/clank3d
  artifactKey: Guid(f5e5a0c763e50584b96e5eebd1a6d83d) Importer(815301076,1909f56bfc062723c751e8b465ee728b)
Start importing Assets/AurynSky/Dungeon Pack/Enemies/clank3d using Guid(f5e5a0c763e50584b96e5eebd1a6d83d) Importer(815301076,1909f56bfc062723c751e8b465ee728b) [PhysX] Initialized MultithreadedTaskDispatcher with 16 workers.
 -> (artifact id: '3807c8c20a7b070bdeed3dc01358b738') in 0.000606 seconds
Number of updated asset objects reloaded before import = 0
Number of asset objects unloaded after import = 0
========================================================================
Received Import Request.
  Time since last request: 0.091654 seconds.
  path: Assets/AurynSky/Dungeon Pack/Enemies/clank3d/clank.obj
  artifactKey: Guid(bdd71846b076ef944bd5cc5952c3d525) Importer(815301076,1909f56bfc062723c751e8b465ee728b)
Start importing Assets/AurynSky/Dungeon Pack/Enemies/clank3d/clank.obj using Guid(bdd71846b076ef944bd5cc5952c3d525) Importer(815301076,1909f56bfc062723c751e8b465ee728b) [PhysX] Initialized MultithreadedTaskDispatcher with 16 workers.
[PhysX] Initialized MultithreadedTaskDispatcher with 16 workers.
[PhysX] Initialized MultithreadedTaskDispatcher with 16 workers.
[PhysX] Initialized MultithreadedTaskDispatcher with 16 workers.
[PhysX] Initialized MultithreadedTaskDispatcher with 16 workers.
[PhysX] Initialized MultithreadedTaskDispatcher with 16 workers.
[PhysX] Initialized MultithreadedTaskDispatcher with 16 workers.
[PhysX] Initialized MultithreadedTaskDispatcher with 16 workers.
[PhysX] Initialized MultithreadedTaskDispatcher with 16 workers.
[PhysX] Initialized MultithreadedTaskDispatcher with 16 workers.
[PhysX] Initialized MultithreadedTaskDispatcher with 16 workers.
[PhysX] Initialized MultithreadedTaskDispatcher with 16 workers.
[PhysX] Initialized MultithreadedTaskDispatcher with 16 workers.
[PhysX] Initialized MultithreadedTaskDispatcher with 16 workers.
[PhysX] Initialized MultithreadedTaskDispatcher with 16 workers.
[PhysX] Initialized MultithreadedTaskDispatcher with 16 workers.
[PhysX] Initialized MultithreadedTaskDispatcher with 16 workers.
[PhysX] Initialized MultithreadedTaskDispatcher with 16 workers.
[PhysX] Initialized MultithreadedTaskDispatcher with 16 workers.
[PhysX] Initialized MultithreadedTaskDispatcher with 16 workers.
[PhysX] Initialized MultithreadedTaskDispatcher with 16 workers.
[PhysX] Initialized MultithreadedTaskDispatcher with 16 workers.
[PhysX] Initialized MultithreadedTaskDispatcher with 16 workers.
[PhysX] Initialized MultithreadedTaskDispatcher with 16 workers.
[PhysX] Initialized MultithreadedTaskDispatcher with 16 workers.
[PhysX] Initialized MultithreadedTaskDispatcher with 16 workers.
[PhysX] Initialized MultithreadedTaskDispatcher with 16 workers.
[PhysX] Initialized MultithreadedTaskDispatcher with 16 workers.
[PhysX] Initialized MultithreadedTaskDispatcher with 16 workers.
[PhysX] Initialized MultithreadedTaskDispatcher with 16 workers.
[PhysX] Initialized MultithreadedTaskDispatcher with 16 workers.
[PhysX] Initialized MultithreadedTaskDispatcher with 16 workers.
[PhysX] Initialized MultithreadedTaskDispatcher with 16 workers.
[PhysX] Initialized MultithreadedTaskDispatcher with 16 workers.
[PhysX] Initialized MultithreadedTaskDispatcher with 16 workers.
[PhysX] Initialized MultithreadedTaskDispatcher with 16 workers.
[PhysX] Initialized MultithreadedTaskDispatcher with 16 workers.
[PhysX] Initialized MultithreadedTaskDispatcher with 16 workers.
[PhysX] Initialized MultithreadedTaskDispatcher with 16 workers.
[PhysX] Initialized MultithreadedTaskDispatcher with 16 workers.
[PhysX] Initialized MultithreadedTaskDispatcher with 16 workers.
[PhysX] Initialized MultithreadedTaskDispatcher with 16 workers.
[PhysX] Initialized MultithreadedTaskDispatcher with 16 workers.
[PhysX] Initialized MultithreadedTaskDispatcher with 16 workers.
[PhysX] Initialized MultithreadedTaskDispatcher with 16 workers.
[PhysX] Initialized MultithreadedTaskDispatcher with 16 workers.
[PhysX] Initialized MultithreadedTaskDispatcher with 16 workers.
[PhysX] Initialized MultithreadedTaskDispatcher with 16 workers.
[PhysX] Initialized MultithreadedTaskDispatcher with 16 workers.
[PhysX] Initialized MultithreadedTaskDispatcher with 16 workers.
[PhysX] Initialized MultithreadedTaskDispatcher with 16 workers.
[PhysX] Initialized MultithreadedTaskDispatcher with 16 workers.
[PhysX] Initialized MultithreadedTaskDispatcher with 16 workers.
[PhysX] Initialized MultithreadedTaskDispatcher with 16 workers.
[PhysX] Initialized MultithreadedTaskDispatcher with 16 workers.
[PhysX] Initialized MultithreadedTaskDispatcher with 16 workers.
[PhysX] Initialized MultithreadedTaskDispatcher with 16 workers.
[PhysX] Initialized MultithreadedTaskDispatcher with 16 workers.
[PhysX] Initialized MultithreadedTaskDispatcher with 16 workers.
[PhysX] Initialized MultithreadedTaskDispatcher with 16 workers.
[PhysX] Initialized MultithreadedTaskDispatcher with 16 workers.
[PhysX] Initialized MultithreadedTaskDispatcher with 16 workers.
[PhysX] Initialized MultithreadedTaskDispatcher with 16 workers.
[PhysX] Initialized MultithreadedTaskDispatcher with 16 workers.
[PhysX] Initialized MultithreadedTaskDispatcher with 16 workers.
[PhysX] Initialized MultithreadedTaskDispatcher with 16 workers.
[PhysX] Initialized MultithreadedTaskDispatcher with 16 workers.
[PhysX] Initialized MultithreadedTaskDispatcher with 16 workers.
[PhysX] Initialized MultithreadedTaskDispatcher with 16 workers.
[PhysX] Initialized MultithreadedTaskDispatcher with 16 workers.
[PhysX] Initialized MultithreadedTaskDispatcher with 16 workers.
[PhysX] Initialized MultithreadedTaskDispatcher with 16 workers.
[PhysX] Initialized MultithreadedTaskDispatcher with 16 workers.
[PhysX] Initialized MultithreadedTaskDispatcher with 16 workers.
[PhysX] Initialized MultithreadedTaskDispatcher with 16 workers.
[PhysX] Initialized MultithreadedTaskDispatcher with 16 workers.
[PhysX] Initialized MultithreadedTaskDispatcher with 16 workers.
[PhysX] Initialized MultithreadedTaskDispatcher with 16 workers.
[PhysX] Initialized MultithreadedTaskDispatcher with 16 workers.
[PhysX] Initialized MultithreadedTaskDispatcher with 16 workers.
[PhysX] Initialized MultithreadedTaskDispatcher with 16 workers.
[PhysX] Initialized MultithreadedTaskDispatcher with 16 workers.
[PhysX] Initialized MultithreadedTaskDispatcher with 16 workers.
[PhysX] Initialized MultithreadedTaskDispatcher with 16 workers.
[PhysX] Initialized MultithreadedTaskDispatcher with 16 workers.
[PhysX] Initialized MultithreadedTaskDispatcher with 16 workers.
[PhysX] Initialized MultithreadedTaskDispatcher with 16 workers.
[PhysX] Initialized MultithreadedTaskDispatcher with 16 workers.
[PhysX] Initialized MultithreadedTaskDispatcher with 16 workers.
[PhysX] Initialized MultithreadedTaskDispatcher with 16 workers.
[PhysX] Initialized MultithreadedTaskDispatcher with 16 workers.
[PhysX] Initialized MultithreadedTaskDispatcher with 16 workers.
[PhysX] Initialized MultithreadedTaskDispatcher with 16 workers.
[PhysX] Initialized MultithreadedTaskDispatcher with 16 workers.
[PhysX] Initialized MultithreadedTaskDispatcher with 16 workers.
[PhysX] Initialized MultithreadedTaskDispatcher with 16 workers.
[PhysX] Initialized MultithreadedTaskDispatcher with 16 workers.
[PhysX] Initialized MultithreadedTaskDispatcher with 16 workers.
[PhysX] Initialized MultithreadedTaskDispatcher with 16 workers.
[PhysX] Initialized MultithreadedTaskDispatcher with 16 workers.
[PhysX] Initialized MultithreadedTaskDispatcher with 16 workers.
[PhysX] Initialized MultithreadedTaskDispatcher with 16 workers.
[PhysX] Initialized MultithreadedTaskDispatcher with 16 workers.
[PhysX] Initialized MultithreadedTaskDispatcher with 16 workers.
[PhysX] Initialized MultithreadedTaskDispatcher with 16 workers.
[PhysX] Initialized MultithreadedTaskDispatcher with 16 workers.
[PhysX] Initialized MultithreadedTaskDispatcher with 16 workers.
[PhysX] Initialized MultithreadedTaskDispatcher with 16 workers.
[PhysX] Initialized MultithreadedTaskDispatcher with 16 workers.
[PhysX] Initialized MultithreadedTaskDispatcher with 16 workers.
[PhysX] Initialized MultithreadedTaskDispatcher with 16 workers.
[PhysX] Initialized MultithreadedTaskDispatcher with 16 workers.
[PhysX] Initialized MultithreadedTaskDispatcher with 16 workers.
[PhysX] Initialized MultithreadedTaskDispatcher with 16 workers.
[PhysX] Initialized MultithreadedTaskDispatcher with 16 workers.
[PhysX] Initialized MultithreadedTaskDispatcher with 16 workers.
[PhysX] Initialized MultithreadedTaskDispatcher with 16 workers.
[PhysX] Initialized MultithreadedTaskDispatcher with 16 workers.
[PhysX] Initialized MultithreadedTaskDispatcher with 16 workers.
[PhysX] Initialized MultithreadedTaskDispatcher with 16 workers.
[PhysX] Initialized MultithreadedTaskDispatcher with 16 workers.
[PhysX] Initialized MultithreadedTaskDispatcher with 16 workers.
[PhysX] Initialized MultithreadedTaskDispatcher with 16 workers.
[PhysX] Initialized MultithreadedTaskDispatcher with 16 workers.
[PhysX] Initialized MultithreadedTaskDispatcher with 16 workers.
[PhysX] Initialized MultithreadedTaskDispatcher with 16 workers.
[PhysX] Initialized MultithreadedTaskDispatcher with 16 workers.
[PhysX] Initialized MultithreadedTaskDispatcher with 16 workers.
[PhysX] Initialized MultithreadedTaskDispatcher with 16 workers.
[PhysX] Initialized MultithreadedTaskDispatcher with 16 workers.
[PhysX] Initialized MultithreadedTaskDispatcher with 16 workers.
[PhysX] Initialized MultithreadedTaskDispatcher with 16 workers.
[PhysX] Initialized MultithreadedTaskDispatcher with 16 workers.
[PhysX] Initialized MultithreadedTaskDispatcher with 16 workers.
[PhysX] Initialized MultithreadedTaskDispatcher with 16 workers.
[PhysX] Initialized MultithreadedTaskDispatcher with 16 workers.
[PhysX] Initialized MultithreadedTaskDispatcher with 16 workers.
[PhysX] Initialized MultithreadedTaskDispatcher with 16 workers.
[PhysX] Initialized MultithreadedTaskDispatcher with 16 workers.
[PhysX] Initialized MultithreadedTaskDispatcher with 16 workers.
[PhysX] Initialized MultithreadedTaskDispatcher with 16 workers.
[PhysX] Initialized MultithreadedTaskDispatcher with 16 workers.
[PhysX] Initialized MultithreadedTaskDispatcher with 16 workers.
[PhysX] Initialized MultithreadedTaskDispatcher with 16 workers.
[PhysX] Initialized MultithreadedTaskDispatcher with 16 workers.
[PhysX] Initialized MultithreadedTaskDispatcher with 16 workers.
[PhysX] Initialized MultithreadedTaskDispatcher with 16 workers.
[PhysX] Initialized MultithreadedTaskDispatcher with 16 workers.
[PhysX] Initialized MultithreadedTaskDispatcher with 16 workers.
[PhysX] Initialized MultithreadedTaskDispatcher with 16 workers.
[PhysX] Initialized MultithreadedTaskDispatcher with 16 workers.
[PhysX] Initialized MultithreadedTaskDispatcher with 16 workers.
[PhysX] Initialized MultithreadedTaskDispatcher with 16 workers.
[PhysX] Initialized MultithreadedTaskDispatcher with 16 workers.
[PhysX] Initialized MultithreadedTaskDispatcher with 16 workers.
[PhysX] Initialized MultithreadedTaskDispatcher with 16 workers.
[PhysX] Initialized MultithreadedTaskDispatcher with 16 workers.
[PhysX] Initialized MultithreadedTaskDispatcher with 16 workers.
[PhysX] Initialized MultithreadedTaskDispatcher with 16 workers.
[PhysX] Initialized MultithreadedTaskDispatcher with 16 workers.
[PhysX] Initialized MultithreadedTaskDispatcher with 16 workers.
[PhysX] Initialized MultithreadedTaskDispatcher with 16 workers.
[PhysX] Initialized MultithreadedTaskDispatcher with 16 workers.
[PhysX] Initialized MultithreadedTaskDispatcher with 16 workers.
[PhysX] Initialized MultithreadedTaskDispatcher with 16 workers.
[PhysX] Initialized MultithreadedTaskDispatcher with 16 workers.
[PhysX] Initialized MultithreadedTaskDispatcher with 16 workers.
[PhysX] Initialized MultithreadedTaskDispatcher with 16 workers.
[PhysX] Initialized MultithreadedTaskDispatcher with 16 workers.
[PhysX] Initialized MultithreadedTaskDispatcher with 16 workers.
[PhysX] Initialized MultithreadedTaskDispatcher with 16 workers.
[PhysX] Initialized MultithreadedTaskDispatcher with 16 workers.
[PhysX] Initialized MultithreadedTaskDispatcher with 16 workers.
 -> (artifact id: '09606be019f1c66d5a104f2f6493939a') in 0.954541 seconds
Number of updated asset objects reloaded before import = 0
Number of asset objects unloaded after import = 346
========================================================================
Received Import Request.
  Time since last request: 54.848077 seconds.
  path: Assets/AurynSky/Dungeon Pack/Enemies/clank3d/clank.c4d
  artifactKey: Guid(8f79a66cccdc1de4ea9d98884d472ea0) Importer(815301076,1909f56bfc062723c751e8b465ee728b)
Start importing Assets/AurynSky/Dungeon Pack/Enemies/clank3d/clank.c4d using Guid(8f79a66cccdc1de4ea9d98884d472ea0) Importer(815301076,1909f56bfc062723c751e8b465ee728b) [PhysX] Initialized MultithreadedTaskDispatcher with 16 workers.
 -> (artifact id: '732771fdb7453acf5f93b2cb104a0c12') in 0.002900 seconds
Number of updated asset objects reloaded before import = 0
Number of asset objects unloaded after import = 1
========================================================================
Received Import Request.
  Time since last request: 70.331472 seconds.
  path: Assets/AurynSky/Dungeon Pack/Materials/Paths 1.mat
  artifactKey: Guid(2ae866cdba50fef48a2b5bd3f9ef47c6) Importer(815301076,1909f56bfc062723c751e8b465ee728b)
Start importing Assets/AurynSky/Dungeon Pack/Materials/Paths 1.mat using Guid(2ae866cdba50fef48a2b5bd3f9ef47c6) Importer(815301076,1909f56bfc062723c751e8b465ee728b) [PhysX] Initialized MultithreadedTaskDispatcher with 16 workers.
[PhysX] Initialized MultithreadedTaskDispatcher with 16 workers.
 -> (artifact id: 'e27e3173bc94b7e7df8f81c150d2905a') in 0.009487 seconds
Number of updated asset objects reloaded before import = 0
Number of asset objects unloaded after import = 1
========================================================================
Received Import Request.
  Time since last request: 373.866231 seconds.
  path: Assets/AurynSky/Dungeon Pack/Materials/Paths 1.mat
  artifactKey: Guid(2ae866cdba50fef48a2b5bd3f9ef47c6) Importer(815301076,1909f56bfc062723c751e8b465ee728b)
Start importing Assets/AurynSky/Dungeon Pack/Materials/Paths 1.mat using Guid(2ae866cdba50fef48a2b5bd3f9ef47c6) Importer(815301076,1909f56bfc062723c751e8b465ee728b) [PhysX] Initialized MultithreadedTaskDispatcher with 16 workers.
[PhysX] Initialized MultithreadedTaskDispatcher with 16 workers.
 -> (artifact id: '9ba0734394e5da44ae37d2a084793510') in 0.049428 seconds
Number of updated asset objects reloaded before import = 0
Number of asset objects unloaded after import = 1
========================================================================
Received Import Request.
  Time since last request: 274.256536 seconds.
  path: Assets/AurynSky/Dungeon Pack/Scripts
  artifactKey: Guid(3df28a349a1c766478c09884ca8778a2) Importer(815301076,1909f56bfc062723c751e8b465ee728b)
Start importing Assets/AurynSky/Dungeon Pack/Scripts using Guid(3df28a349a1c766478c09884ca8778a2) Importer(815301076,1909f56bfc062723c751e8b465ee728b) [PhysX] Initialized MultithreadedTaskDispatcher with 16 workers.
 -> (artifact id: '04fabbb3b0dd5dcd84ef4f5a097073ee') in 0.000726 seconds
Number of updated asset objects reloaded before import = 0
Number of asset objects unloaded after import = 0
========================================================================
Received Import Request.
  Time since last request: 9.295715 seconds.
  path: Assets/AurynSky/Dungeon Pack/Scripts/PlayerMovement.cs
  artifactKey: Guid(c674444df87551b4590fb39f95d5902a) Importer(815301076,1909f56bfc062723c751e8b465ee728b)
Start importing Assets/AurynSky/Dungeon Pack/Scripts/PlayerMovement.cs using Guid(c674444df87551b4590fb39f95d5902a) Importer(815301076,1909f56bfc062723c751e8b465ee728b) [PhysX] Initialized MultithreadedTaskDispatcher with 16 workers.
 -> (artifact id: '135984281cdd627a3363ebaedd21bb9b') in 0.000671 seconds
Number of updated asset objects reloaded before import = 0
Number of asset objects unloaded after import = 0
========================================================================
Received Prepare
Caller must complete domain reload
Begin MonoManager ReloadAssembly
- Loaded All Assemblies, in  0.431 seconds
Native extension for WindowsStandalone target not found
[Package Manager] Server::EnsureServerProcessIsRunning -- launch failed, reason: Unity was launched with the -noUpm command-line argument
[Package Manager] UpmClient::Send -- Unable to send message (not connected to UPM process).
[Package Manager] Cannot connect to Unity Package Manager local server
Mono: successfully reloaded assembly
- Finished resetting the current domain, in  0.869 seconds
Domain Reload Profiling: 1298ms
	BeginReloadAssembly (157ms)
		ExecutionOrderSort (0ms)
		DisableScriptedObjects (3ms)
		BackupInstance (0ms)
		ReleaseScriptingObjects (0ms)
		CreateAndSetChildDomain (41ms)
	RebuildCommonClasses (25ms)
	RebuildNativeTypeToScriptingClass (9ms)
	initialDomainReloadingComplete (27ms)
	LoadAllAssembliesAndSetupDomain (210ms)
		LoadAssemblies (274ms)
		RebuildTransferFunctionScriptingTraits (0ms)
		AnalyzeDomain (19ms)
			TypeCache.Refresh (9ms)
				TypeCache.ScanAssembly (0ms)
			ScanForSourceGeneratedMonoScriptInfo (5ms)
			ResolveRequiredComponents (4ms)
	FinalizeReload (869ms)
		ReleaseScriptCaches (0ms)
		RebuildScriptCaches (0ms)
		SetupLoadedEditorAssemblies (371ms)
			LogAssemblyErrors (0ms)
			InitializePlatformSupportModulesInManaged (6ms)
			SetLoadedEditorAssemblies (5ms)
			RefreshPlugins (0ms)
			BeforeProcessingInitializeOnLoad (58ms)
			ProcessInitializeOnLoadAttributes (277ms)
			ProcessInitializeOnLoadMethodAttributes (18ms)
			AfterProcessingInitializeOnLoad (7ms)
			EditorAssembliesLoaded (0ms)
		ExecutionOrderSort2 (0ms)
		AwakeInstancesAfterBackupRestoration (6ms)
Refreshing native plugins compatible for Editor in 3.20 ms, found 3 plugins.
Preloading 0 native plugins for Editor in 0.00 ms.
Unloading 3084 Unused Serialized files (Serialized files now loaded: 0)
Unloading 14 unused Assets / (28.5 KB). Loaded Objects now: 3608.
Memory consumption went from 122.5 MB to 122.5 MB.
Total: 2.623600 ms (FindLiveObjects: 0.278400 ms CreateObjectMapping: 0.099300 ms MarkObjects: 2.208100 ms  DeleteObjects: 0.037200 ms)

Prepare: number of updated asset objects reloaded= 0
AssetImportParameters requested are different than current active one (requested -> active):
  custom:container-demuxer-ogg: 62fdf1f143b41e24485cea50d1cbac27 -> 
  custom:video-decoder-ogg-theora: a1e56fd34408186e4bbccfd4996cb3dc -> 
  custom:framework-win-MediaFoundation: 216162199b28c13a410421893ffa2e32 -> 
  custom:CustomObjectIndexerAttribute: 9a22284fe3817be447336de3de66b15e -> 
  custom:container-demuxer-webm: 4f35f7cbe854078d1ac9338744f61a02 -> 
  custom:container-muxer-webm: aa71ff27fc2769a1b78a27578f13a17b -> 
  custom:video-decoder-webm-vp8: 9c59270c3fd7afecdb556c50c9e8de78 -> 
  custom:SearchIndexIgnoredProperties: e643bd26f0fe6173181afceb89e7c659 -> 
  custom:AudioImporter_EditorPlatform: d09bf68614088b80899f8185d706f6e7 -> 
  custom:video-encoder-webm-vp8: eb34c28f22e8b96e1ab97ce403110664 -> 
  custom:audio-decoder-ogg-vorbis: bf7c407c2cedff20999df2af8eb42d56 -> 
  custom:scripting/monoscript/fileName/PlayerMovement.cs: 42480eed24e61f9d7e7e895933644f96 -> 
  custom:audio-encoder-webm-vorbis: bf7c407c2cedff20999df2af8eb42d56 -> 
  custom:scripting/precompiled-assembly-types:Assembly-CSharp: c851aa79d5a0218de83cae7ab5f0177b -> b047898c08c4a4cad8424ed9a603eb17
========================================================================
Received Import Request.
  Time since last request: 4.905741 seconds.
  path: Assets/AurynSky/Dungeon Pack/Scripts/PlayerMovement.cs
  artifactKey: Guid(c674444df87551b4590fb39f95d5902a) Importer(815301076,1909f56bfc062723c751e8b465ee728b)
Start importing Assets/AurynSky/Dungeon Pack/Scripts/PlayerMovement.cs using Guid(c674444df87551b4590fb39f95d5902a) Importer(815301076,1909f56bfc062723c751e8b465ee728b) [PhysX] Initialized MultithreadedTaskDispatcher with 16 workers.
 -> (artifact id: '2f8a1298713ac224929e6cc0fe16cc1b') in 0.002033 seconds
Number of updated asset objects reloaded before import = 0
Number of asset objects unloaded after import = 0
========================================================================
Received Import Request.
  Time since last request: 44.623531 seconds.
  path: Assets/Scenes/SampleScene.unity
  artifactKey: Guid(9fc0d4010bbf28b4594072e72b8655ab) Importer(2089858483,0ecaa5967403d082aa24f35e1b516d23)
Start importing Assets/Scenes/SampleScene.unity using Guid(9fc0d4010bbf28b4594072e72b8655ab) Importer(2089858483,0ecaa5967403d082aa24f35e1b516d23) [PhysX] Initialized MultithreadedTaskDispatcher with 16 workers.
 -> (artifact id: '801e6f48bfda53635a568b122ad66c4c') in 0.168583 seconds
Number of updated asset objects reloaded before import = 0
Number of asset objects unloaded after import = 1
========================================================================
Received Import Request.
  Time since last request: 0.000086 seconds.
  path: Assets/AurynSky/Dungeon Pack/Models/Floor02D.fbx
  artifactKey: Guid(3141cea43c2a8484c8683d2d65a5d8d8) Importer(2089858483,0ecaa5967403d082aa24f35e1b516d23)
Start importing Assets/AurynSky/Dungeon Pack/Models/Floor02D.fbx using Guid(3141cea43c2a8484c8683d2d65a5d8d8) Importer(2089858483,0ecaa5967403d082aa24f35e1b516d23) [PhysX] Initialized MultithreadedTaskDispatcher with 16 workers.
 -> (artifact id: 'e913356c2b76ac9e9dad7ca23b3b5f68') in 0.190067 seconds
Number of updated asset objects reloaded before import = 0
Number of asset objects unloaded after import = 8
========================================================================
Received Import Request.
  Time since last request: 0.000031 seconds.
  path: Assets/AurynSky/Dungeon Pack/Models/Steps01D.fbx
  artifactKey: Guid(be117f485d598f642992c830af0b6775) Importer(2089858483,0ecaa5967403d082aa24f35e1b516d23)
Start importing Assets/AurynSky/Dungeon Pack/Models/Steps01D.fbx using Guid(be117f485d598f642992c830af0b6775) Importer(2089858483,0ecaa5967403d082aa24f35e1b516d23) [PhysX] Initialized MultithreadedTaskDispatcher with 16 workers.
 -> (artifact id: '4295cb826b542df19f80c1914c82e7c4') in 0.054440 seconds
Number of updated asset objects reloaded before import = 0
Number of asset objects unloaded after import = 8
========================================================================
Received Import Request.
  Time since last request: 0.000050 seconds.
  path: Assets/AurynSky/Dungeon Pack/Models/DoorLD.fbx
  artifactKey: Guid(01a913c2e88a083438054c513b2cd798) Importer(2089858483,0ecaa5967403d082aa24f35e1b516d23)
Start importing Assets/AurynSky/Dungeon Pack/Models/DoorLD.fbx using Guid(01a913c2e88a083438054c513b2cd798) Importer(2089858483,0ecaa5967403d082aa24f35e1b516d23) [PhysX] Initialized MultithreadedTaskDispatcher with 16 workers.
 -> (artifact id: '4802d3303f218071e3f693cf76e6ea89') in 0.045899 seconds
Number of updated asset objects reloaded before import = 0
Number of asset objects unloaded after import = 8
========================================================================
Received Import Request.
  Time since last request: 0.000053 seconds.
  path: Assets/AurynSky/Dungeon Pack/Materials/DemoGround.mat
  artifactKey: Guid(1f3518228ef95614e819aafeeee47833) Importer(2089858483,0ecaa5967403d082aa24f35e1b516d23)
Start importing Assets/AurynSky/Dungeon Pack/Materials/DemoGround.mat using Guid(1f3518228ef95614e819aafeeee47833) Importer(2089858483,0ecaa5967403d082aa24f35e1b516d23) [PhysX] Initialized MultithreadedTaskDispatcher with 16 workers.
 -> (artifact id: '871d4503c11b3db7cc6a32959c8ab292') in 0.024191 seconds
Number of updated asset objects reloaded before import = 0
Number of asset objects unloaded after import = 1
========================================================================
Received Import Request.
  Time since last request: 0.000111 seconds.
  path: Assets/AurynSky/Dungeon Pack/Scripts/SpikeTrapDemo.cs
  artifactKey: Guid(bbfc9ddd4ef5c6f47afe9453d93658aa) Importer(2089858483,0ecaa5967403d082aa24f35e1b516d23)
Start importing Assets/AurynSky/Dungeon Pack/Scripts/SpikeTrapDemo.cs using Guid(bbfc9ddd4ef5c6f47afe9453d93658aa) Importer(2089858483,0ecaa5967403d082aa24f35e1b516d23) [PhysX] Initialized MultithreadedTaskDispatcher with 16 workers.
 -> (artifact id: 'f2d3fd42005608cdbfb688719a12dbdc') in 0.030502 seconds
Number of updated asset objects reloaded before import = 0
Number of asset objects unloaded after import = 1
========================================================================
Received Import Request.
  Time since last request: 0.000036 seconds.
  path: Assets/AurynSky/Dungeon Pack/Models/BannerD.fbx
  artifactKey: Guid(fbbfcd251acb5824798ec6df5aafe31c) Importer(2089858483,0ecaa5967403d082aa24f35e1b516d23)
Start importing Assets/AurynSky/Dungeon Pack/Models/BannerD.fbx using Guid(fbbfcd251acb5824798ec6df5aafe31c) Importer(2089858483,0ecaa5967403d082aa24f35e1b516d23) [PhysX] Initialized MultithreadedTaskDispatcher with 16 workers.
 -> (artifact id: 'f59b438dffda47e9d38bb55c593a446f') in 0.077726 seconds
Number of updated asset objects reloaded before import = 0
Number of asset objects unloaded after import = 32
========================================================================
Received Import Request.
  Time since last request: 0.000036 seconds.
  path: Assets/AurynSky/Dungeon Pack/Prefabs/General/ChestCompleteD.prefab
  artifactKey: Guid(a503d6f3d2ee47148a09639f019b31c5) Importer(2089858483,0ecaa5967403d082aa24f35e1b516d23)
Start importing Assets/AurynSky/Dungeon Pack/Prefabs/General/ChestCompleteD.prefab using Guid(a503d6f3d2ee47148a09639f019b31c5) Importer(2089858483,0ecaa5967403d082aa24f35e1b516d23) [PhysX] Initialized MultithreadedTaskDispatcher with 16 workers.
 -> (artifact id: '10e1c6262240ff1bc1e067416f10139d') in 0.034031 seconds
Number of updated asset objects reloaded before import = 0
Number of asset objects unloaded after import = 24
========================================================================
Received Import Request.
  Time since last request: 0.000256 seconds.
  path: Assets/AurynSky/Dungeon Pack/Materials/CubeParticlesDungeon.mat
  artifactKey: Guid(4ce91753a4eefbf468aabe35fd427b81) Importer(2089858483,0ecaa5967403d082aa24f35e1b516d23)
Start importing Assets/AurynSky/Dungeon Pack/Materials/CubeParticlesDungeon.mat using Guid(4ce91753a4eefbf468aabe35fd427b81) Importer(2089858483,0ecaa5967403d082aa24f35e1b516d23) [PhysX] Initialized MultithreadedTaskDispatcher with 16 workers.
 -> (artifact id: 'a43d9e18daac88a96dfcba94731ec62f') in 0.050857 seconds
Number of updated asset objects reloaded before import = 0
Number of asset objects unloaded after import = 2
========================================================================
Received Import Request.
  Time since last request: 0.000022 seconds.
  path: Assets/AurynSky/Dungeon Pack/Prefabs/Blue/Pillar02Blue.prefab
  artifactKey: Guid(c44079fbf7091444bb884a0ccf7d84ac) Importer(2089858483,0ecaa5967403d082aa24f35e1b516d23)
Start importing Assets/AurynSky/Dungeon Pack/Prefabs/Blue/Pillar02Blue.prefab using Guid(c44079fbf7091444bb884a0ccf7d84ac) Importer(2089858483,0ecaa5967403d082aa24f35e1b516d23) [PhysX] Initialized MultithreadedTaskDispatcher with 16 workers.
 -> (artifact id: '033a3e429b34cc4686f6e096b1f246b1') in 0.042875 seconds
Number of updated asset objects reloaded before import = 0
Number of asset objects unloaded after import = 7
========================================================================
Received Import Request.
  Time since last request: 0.000052 seconds.
  path: Assets/AurynSky/Dungeon Pack/Prefabs/General/CoinD.prefab
  artifactKey: Guid(de24e9dac65bddc40bc8f81e2245a72c) Importer(2089858483,0ecaa5967403d082aa24f35e1b516d23)
Start importing Assets/AurynSky/Dungeon Pack/Prefabs/General/CoinD.prefab using Guid(de24e9dac65bddc40bc8f81e2245a72c) Importer(2089858483,0ecaa5967403d082aa24f35e1b516d23) [PhysX] Initialized MultithreadedTaskDispatcher with 16 workers.
 -> (artifact id: 'ae6e5bc76debfde1d40750806cdbfd91') in 0.018660 seconds
Number of updated asset objects reloaded before import = 0
Number of asset objects unloaded after import = 8
========================================================================
Received Import Request.
  Time since last request: 0.000070 seconds.
  path: Assets/AurynSky/Dungeon Pack/Materials/Paths 1.mat
  artifactKey: Guid(2ae866cdba50fef48a2b5bd3f9ef47c6) Importer(2089858483,0ecaa5967403d082aa24f35e1b516d23)
Start importing Assets/AurynSky/Dungeon Pack/Materials/Paths 1.mat using Guid(2ae866cdba50fef48a2b5bd3f9ef47c6) Importer(2089858483,0ecaa5967403d082aa24f35e1b516d23) [PhysX] Initialized MultithreadedTaskDispatcher with 16 workers.
 -> (artifact id: 'b350b0120663f1f203169508d89ea617') in 0.043190 seconds
Number of updated asset objects reloaded before import = 0
Number of asset objects unloaded after import = 1
========================================================================
Received Import Request.
  Time since last request: 0.000143 seconds.
  path: Assets/AurynSky/Dungeon Pack/Prefabs/General/BannerHolderSD.prefab
  artifactKey: Guid(72f4d9ce894021048b78fa5504c55393) Importer(2089858483,0ecaa5967403d082aa24f35e1b516d23)
Start importing Assets/AurynSky/Dungeon Pack/Prefabs/General/BannerHolderSD.prefab using Guid(72f4d9ce894021048b78fa5504c55393) Importer(2089858483,0ecaa5967403d082aa24f35e1b516d23) [PhysX] Initialized MultithreadedTaskDispatcher with 16 workers.
 -> (artifact id: '12c65c1fbb7a35e4948004b61341157c') in 0.032076 seconds
Number of updated asset objects reloaded before import = 0
Number of asset objects unloaded after import = 7
========================================================================
Received Import Request.
  Time since last request: 0.000062 seconds.
  path: Assets/AurynSky/Dungeon Pack/Models/Skull0ClosedD.fbx
  artifactKey: Guid(f1d659279c108dd42a0daf60d45ab077) Importer(2089858483,0ecaa5967403d082aa24f35e1b516d23)
Start importing Assets/AurynSky/Dungeon Pack/Models/Skull0ClosedD.fbx using Guid(f1d659279c108dd42a0daf60d45ab077) Importer(2089858483,0ecaa5967403d082aa24f35e1b516d23) [PhysX] Initialized MultithreadedTaskDispatcher with 16 workers.
 -> (artifact id: '757115cb5e809a2c1b58d2640630a1be') in 0.048510 seconds
Number of updated asset objects reloaded before import = 0
Number of asset objects unloaded after import = 8
========================================================================
Received Import Request.
  Time since last request: 0.000054 seconds.
  path: Assets/AurynSky/Dungeon Pack/Models/BarrelD.fbx
  artifactKey: Guid(a93002532b627ed4f9f3d9c378d1e52c) Importer(2089858483,0ecaa5967403d082aa24f35e1b516d23)
Start importing Assets/AurynSky/Dungeon Pack/Models/BarrelD.fbx using Guid(a93002532b627ed4f9f3d9c378d1e52c) Importer(2089858483,0ecaa5967403d082aa24f35e1b516d23) [PhysX] Initialized MultithreadedTaskDispatcher with 16 workers.
 -> (artifact id: '483b1b2a0a2e161ab7de5fddc384295a') in 0.074064 seconds
Number of updated asset objects reloaded before import = 0
Number of asset objects unloaded after import = 8
========================================================================
Received Import Request.
  Time since last request: 0.000050 seconds.
  path: Assets/AurynSky/Dungeon Pack/Animation/ChestAnimD.anim
  artifactKey: Guid(597e993aa737060459a1e7155f7f8d8b) Importer(2089858483,0ecaa5967403d082aa24f35e1b516d23)
Start importing Assets/AurynSky/Dungeon Pack/Animation/ChestAnimD.anim using Guid(597e993aa737060459a1e7155f7f8d8b) Importer(2089858483,0ecaa5967403d082aa24f35e1b516d23) [PhysX] Initialized MultithreadedTaskDispatcher with 16 workers.
 -> (artifact id: '943cf52963430a7159b28c438953aea9') in 0.019814 seconds
Number of updated asset objects reloaded before import = 0
Number of asset objects unloaded after import = 1
========================================================================
Received Import Request.
  Time since last request: 0.000071 seconds.
  path: Assets/AurynSky/Dungeon Pack/Textures/CubeParticleDungeon.psd
  artifactKey: Guid(3159d571aef84da40aa883a68d4a7753) Importer(2089858483,0ecaa5967403d082aa24f35e1b516d23)
Start importing Assets/AurynSky/Dungeon Pack/Textures/CubeParticleDungeon.psd using Guid(3159d571aef84da40aa883a68d4a7753) Importer(2089858483,0ecaa5967403d082aa24f35e1b516d23) [PhysX] Initialized MultithreadedTaskDispatcher with 16 workers.
 -> (artifact id: '83b5e70112c797f299e40ea63a89483e') in 0.110230 seconds
Number of updated asset objects reloaded before import = 0
Number of asset objects unloaded after import = 1
========================================================================
Received Import Request.
  Time since last request: 0.000039 seconds.
  path: Assets/AurynSky/Dungeon Pack/Models/CageD.fbx
  artifactKey: Guid(83d4354d94f1f1443b3fa423f4639a94) Importer(2089858483,0ecaa5967403d082aa24f35e1b516d23)
Start importing Assets/AurynSky/Dungeon Pack/Models/CageD.fbx using Guid(83d4354d94f1f1443b3fa423f4639a94) Importer(2089858483,0ecaa5967403d082aa24f35e1b516d23) [PhysX] Initialized MultithreadedTaskDispatcher with 16 workers.
 -> (artifact id: '0f5e635a5dc9a771e9ac35d471ae5d62') in 0.040810 seconds
Number of updated asset objects reloaded before import = 0
Number of asset objects unloaded after import = 8
========================================================================
Received Import Request.
  Time since last request: 0.000030 seconds.
  path: Assets/AurynSky/Dungeon Pack/Prefabs/General/TowerWindows.prefab
  artifactKey: Guid(a735d73378e828641b3e7441c8fcfa09) Importer(2089858483,0ecaa5967403d082aa24f35e1b516d23)
Start importing Assets/AurynSky/Dungeon Pack/Prefabs/General/TowerWindows.prefab using Guid(a735d73378e828641b3e7441c8fcfa09) Importer(2089858483,0ecaa5967403d082aa24f35e1b516d23) [PhysX] Initialized MultithreadedTaskDispatcher with 16 workers.
 -> (artifact id: 'b0377fc67a6c4a84774c7eb2fe93faa7') in 0.024248 seconds
Number of updated asset objects reloaded before import = 0
Number of asset objects unloaded after import = 16
========================================================================
Received Import Request.
  Time since last request: 0.000065 seconds.
  path: Assets/AurynSky/Dungeon Pack/Prefabs/Traps/TrapDoorRD.prefab
  artifactKey: Guid(7dcc9bd984107894e833a54743b41a74) Importer(2089858483,0ecaa5967403d082aa24f35e1b516d23)
Start importing Assets/AurynSky/Dungeon Pack/Prefabs/Traps/TrapDoorRD.prefab using Guid(7dcc9bd984107894e833a54743b41a74) Importer(2089858483,0ecaa5967403d082aa24f35e1b516d23) [PhysX] Initialized MultithreadedTaskDispatcher with 16 workers.
 -> (artifact id: '21812a2f99958e76255ac6d2232531b1') in 0.038389 seconds
Number of updated asset objects reloaded before import = 0
Number of asset objects unloaded after import = 7
========================================================================
Received Import Request.
  Time since last request: 0.000061 seconds.
  path: Assets/AurynSky/Dungeon Pack/Prefabs/Traps/TrapDoorLD.prefab
  artifactKey: Guid(a5dcf289ffc9ef146a3e0fe6e522ffcd) Importer(2089858483,0ecaa5967403d082aa24f35e1b516d23)
Start importing Assets/AurynSky/Dungeon Pack/Prefabs/Traps/TrapDoorLD.prefab using Guid(a5dcf289ffc9ef146a3e0fe6e522ffcd) Importer(2089858483,0ecaa5967403d082aa24f35e1b516d23) [PhysX] Initialized MultithreadedTaskDispatcher with 16 workers.
 -> (artifact id: '191b150e4bee675f3097d7a947eb7a33') in 0.022244 seconds
Number of updated asset objects reloaded before import = 0
Number of asset objects unloaded after import = 7
========================================================================
Received Import Request.
  Time since last request: 0.000103 seconds.
  path: Assets/AurynSky/Dungeon Pack/Enemies/clank3d/clank.obj
  artifactKey: Guid(bdd71846b076ef944bd5cc5952c3d525) Importer(2089858483,0ecaa5967403d082aa24f35e1b516d23)
Start importing Assets/AurynSky/Dungeon Pack/Enemies/clank3d/clank.obj using Guid(bdd71846b076ef944bd5cc5952c3d525) Importer(2089858483,0ecaa5967403d082aa24f35e1b516d23) [PhysX] Initialized MultithreadedTaskDispatcher with 16 workers.
 -> (artifact id: '294049680208b24ab16e6ef62919c925') in 0.504166 seconds
Number of updated asset objects reloaded before import = 0
Number of asset objects unloaded after import = 346
========================================================================
Received Import Request.
  Time since last request: 0.000026 seconds.
  path: Assets/AurynSky/Dungeon Pack/Particles/WaterPixiesSlime.prefab
  artifactKey: Guid(e10f1ca0e38945f4f8cce4749e44d28d) Importer(2089858483,0ecaa5967403d082aa24f35e1b516d23)
Start importing Assets/AurynSky/Dungeon Pack/Particles/WaterPixiesSlime.prefab using Guid(e10f1ca0e38945f4f8cce4749e44d28d) Importer(2089858483,0ecaa5967403d082aa24f35e1b516d23) [PhysX] Initialized MultithreadedTaskDispatcher with 16 workers.
 -> (artifact id: '6cfd9ceb229746bc3364a33cb0dced30') in 0.155139 seconds
Number of updated asset objects reloaded before import = 0
Number of asset objects unloaded after import = 6
========================================================================
Received Import Request.
  Time since last request: 0.000362 seconds.
  path: Assets/AurynSky/Dungeon Pack/Animation/TrapDoorD.controller
  artifactKey: Guid(533bcb928ef66fa42b77c15da2ea6fbd) Importer(2089858483,0ecaa5967403d082aa24f35e1b516d23)
Start importing Assets/AurynSky/Dungeon Pack/Animation/TrapDoorD.controller using Guid(533bcb928ef66fa42b77c15da2ea6fbd) Importer(2089858483,0ecaa5967403d082aa24f35e1b516d23) [PhysX] Initialized MultithreadedTaskDispatcher with 16 workers.
 -> (artifact id: '7d12f4bd66d3d6ecd9b360ffc8df6b0a') in 0.048392 seconds
Number of updated asset objects reloaded before import = 0
Number of asset objects unloaded after import = 8
========================================================================
Received Import Request.
  Time since last request: 0.000161 seconds.
  path: Assets/AurynSky/Dungeon Pack/Prefabs/Red/RedPieces/DoorRRedD.prefab
  artifactKey: Guid(4e093d63ec0bef941a7bb53173169213) Importer(2089858483,0ecaa5967403d082aa24f35e1b516d23)
Start importing Assets/AurynSky/Dungeon Pack/Prefabs/Red/RedPieces/DoorRRedD.prefab using Guid(4e093d63ec0bef941a7bb53173169213) Importer(2089858483,0ecaa5967403d082aa24f35e1b516d23) [PhysX] Initialized MultithreadedTaskDispatcher with 16 workers.
 -> (artifact id: 'a21380df79d8bdf875d980b0bdd4a6b7') in 0.066144 seconds
Number of updated asset objects reloaded before import = 0
Number of asset objects unloaded after import = 7
========================================================================
Received Import Request.
  Time since last request: 0.000101 seconds.
  path: Assets/AurynSky/Dungeon Pack/Models/TrapDoorLD.fbx
  artifactKey: Guid(3e4ac32a4fae8c84e8974bd48741d3b0) Importer(2089858483,0ecaa5967403d082aa24f35e1b516d23)
Start importing Assets/AurynSky/Dungeon Pack/Models/TrapDoorLD.fbx using Guid(3e4ac32a4fae8c84e8974bd48741d3b0) Importer(2089858483,0ecaa5967403d082aa24f35e1b516d23) [PhysX] Initialized MultithreadedTaskDispatcher with 16 workers.
 -> (artifact id: 'b03eb358de1b58450a27c054d7d903c2') in 0.070832 seconds
Number of updated asset objects reloaded before import = 0
Number of asset objects unloaded after import = 8
========================================================================
Received Import Request.
  Time since last request: 0.000039 seconds.
  path: Assets/AurynSky/Dungeon Pack/Models/Steps02D.fbx
  artifactKey: Guid(27c42873ee0e64a4e9bf31aae029786c) Importer(2089858483,0ecaa5967403d082aa24f35e1b516d23)
Start importing Assets/AurynSky/Dungeon Pack/Models/Steps02D.fbx using Guid(27c42873ee0e64a4e9bf31aae029786c) Importer(2089858483,0ecaa5967403d082aa24f35e1b516d23) [PhysX] Initialized MultithreadedTaskDispatcher with 16 workers.
 -> (artifact id: '2ffc2efbc3ba5bd3024675ece49b09bf') in 0.086829 seconds
Number of updated asset objects reloaded before import = 0
Number of asset objects unloaded after import = 8
========================================================================
Received Import Request.
  Time since last request: 0.000038 seconds.
  path: Assets/AurynSky/Dungeon Pack/Prefabs/Blue/Pillar01Blue.prefab
  artifactKey: Guid(a6203d28eee940e46805d17adbb401e2) Importer(2089858483,0ecaa5967403d082aa24f35e1b516d23)
Start importing Assets/AurynSky/Dungeon Pack/Prefabs/Blue/Pillar01Blue.prefab using Guid(a6203d28eee940e46805d17adbb401e2) Importer(2089858483,0ecaa5967403d082aa24f35e1b516d23) [PhysX] Initialized MultithreadedTaskDispatcher with 16 workers.
 -> (artifact id: '5646135509ae0a0a7abb0899e1661aef') in 0.047424 seconds
Number of updated asset objects reloaded before import = 0
Number of asset objects unloaded after import = 7
========================================================================
Received Import Request.
  Time since last request: 0.000151 seconds.
  path: Assets/AurynSky/Dungeon Pack/Prefabs/Red/RedPieces/DoorMiddle.prefab
  artifactKey: Guid(dbfba6a99eb6ed840bc98ad7cf91f501) Importer(2089858483,0ecaa5967403d082aa24f35e1b516d23)
Start importing Assets/AurynSky/Dungeon Pack/Prefabs/Red/RedPieces/DoorMiddle.prefab using Guid(dbfba6a99eb6ed840bc98ad7cf91f501) Importer(2089858483,0ecaa5967403d082aa24f35e1b516d23) [PhysX] Initialized MultithreadedTaskDispatcher with 16 workers.
 -> (artifact id: '85c35c1847e29ce3a7d5fc3e47bad314') in 0.068074 seconds
Number of updated asset objects reloaded before import = 0
Number of asset objects unloaded after import = 7
========================================================================
Received Import Request.
  Time since last request: 0.000215 seconds.
  path: Assets/AurynSky/Dungeon Pack/Prefabs/General/CageCompleteD.prefab
  artifactKey: Guid(3bfc6ea068c5de043b3245865ec6ed69) Importer(2089858483,0ecaa5967403d082aa24f35e1b516d23)
Start importing Assets/AurynSky/Dungeon Pack/Prefabs/General/CageCompleteD.prefab using Guid(3bfc6ea068c5de043b3245865ec6ed69) Importer(2089858483,0ecaa5967403d082aa24f35e1b516d23) [PhysX] Initialized MultithreadedTaskDispatcher with 16 workers.
 -> (artifact id: 'ab8d0ff2ceee196474583bda865f5968') in 0.060072 seconds
Number of updated asset objects reloaded before import = 0
Number of asset objects unloaded after import = 32
========================================================================
Received Import Request.
  Time since last request: 0.000078 seconds.
  path: Assets/AurynSky/Dungeon Pack/Models/BlockS01D.fbx
  artifactKey: Guid(5508321447dce6a4da3a291372934e34) Importer(2089858483,0ecaa5967403d082aa24f35e1b516d23)
Start importing Assets/AurynSky/Dungeon Pack/Models/BlockS01D.fbx using Guid(5508321447dce6a4da3a291372934e34) Importer(2089858483,0ecaa5967403d082aa24f35e1b516d23) [PhysX] Initialized MultithreadedTaskDispatcher with 16 workers.
 -> (artifact id: '7a47b782b238e94865bde4a8036c02a1') in 0.082402 seconds
Number of updated asset objects reloaded before import = 0
Number of asset objects unloaded after import = 8
========================================================================
Received Import Request.
  Time since last request: 0.012438 seconds.
  path: Assets/AurynSky/Dungeon Pack/Prefabs/Red/Pillar02RedD.prefab
  artifactKey: Guid(9495754c709bff341a2836b50fd2469e) Importer(2089858483,0ecaa5967403d082aa24f35e1b516d23)
Start importing Assets/AurynSky/Dungeon Pack/Prefabs/Red/Pillar02RedD.prefab using Guid(9495754c709bff341a2836b50fd2469e) Importer(2089858483,0ecaa5967403d082aa24f35e1b516d23) [PhysX] Initialized MultithreadedTaskDispatcher with 16 workers.
 -> (artifact id: 'c7e4824dc8193deff45b05fb948f0ce6') in 0.056330 seconds
Number of updated asset objects reloaded before import = 0
Number of asset objects unloaded after import = 7
========================================================================
Received Import Request.
  Time since last request: 0.000036 seconds.
  path: Assets/AurynSky/Dungeon Pack/Prefabs/General/BlockS01D.prefab
  artifactKey: Guid(d84761ee8e7af9a4babafc0657772d0f) Importer(2089858483,0ecaa5967403d082aa24f35e1b516d23)
Start importing Assets/AurynSky/Dungeon Pack/Prefabs/General/BlockS01D.prefab using Guid(d84761ee8e7af9a4babafc0657772d0f) Importer(2089858483,0ecaa5967403d082aa24f35e1b516d23) [PhysX] Initialized MultithreadedTaskDispatcher with 16 workers.
 -> (artifact id: 'b6781f05e1dc217e33a97c91fc6e3d79') in 0.071995 seconds
Number of updated asset objects reloaded before import = 0
Number of asset objects unloaded after import = 7
========================================================================
Received Import Request.
  Time since last request: 0.000120 seconds.
  path: Assets/AurynSky/Dungeon Pack/Prefabs/Blue/BannerStandingBlue.prefab
  artifactKey: Guid(4b403a38653c14e42bf3b31c0b7af879) Importer(2089858483,0ecaa5967403d082aa24f35e1b516d23)
Start importing Assets/AurynSky/Dungeon Pack/Prefabs/Blue/BannerStandingBlue.prefab using Guid(4b403a38653c14e42bf3b31c0b7af879) Importer(2089858483,0ecaa5967403d082aa24f35e1b516d23) [PhysX] Initialized MultithreadedTaskDispatcher with 16 workers.
 -> (artifact id: 'ea14bbc1bc98b050dd3a2353e41bd192') in 0.052965 seconds
Number of updated asset objects reloaded before import = 0
Number of asset objects unloaded after import = 36
========================================================================
Received Import Request.
  Time since last request: 0.000024 seconds.
  path: Assets/AurynSky/Dungeon Pack/Materials/Paths_2.mat
  artifactKey: Guid(38ac651de4b0fbe49ae3079a93ce53c3) Importer(2089858483,0ecaa5967403d082aa24f35e1b516d23)
Start importing Assets/AurynSky/Dungeon Pack/Materials/Paths_2.mat using Guid(38ac651de4b0fbe49ae3079a93ce53c3) Importer(2089858483,0ecaa5967403d082aa24f35e1b516d23) [PhysX] Initialized MultithreadedTaskDispatcher with 16 workers.
 -> (artifact id: '8ec49d10f5c26ebb1189a5ffcab29a0f') in 0.048113 seconds
Number of updated asset objects reloaded before import = 0
Number of asset objects unloaded after import = 1
========================================================================
Received Import Request.
  Time since last request: 0.000206 seconds.
  path: Assets/AurynSky/Dungeon Pack/Prefabs/General/Floor02D.prefab
  artifactKey: Guid(505ad28b849b40247ac593fc3686dd16) Importer(2089858483,0ecaa5967403d082aa24f35e1b516d23)
Start importing Assets/AurynSky/Dungeon Pack/Prefabs/General/Floor02D.prefab using Guid(505ad28b849b40247ac593fc3686dd16) Importer(2089858483,0ecaa5967403d082aa24f35e1b516d23) [PhysX] Initialized MultithreadedTaskDispatcher with 16 workers.
 -> (artifact id: '12356f5010a13d1a91c72e30fe9ae0b4') in 0.056341 seconds
Number of updated asset objects reloaded before import = 0
Number of asset objects unloaded after import = 7
========================================================================
Received Import Request.
  Time since last request: 0.000055 seconds.
  path: Assets/AurynSky/Dungeon Pack/Models/BlockL02D.fbx
  artifactKey: Guid(f0905fb8a8ee77246b67b80417424860) Importer(2089858483,0ecaa5967403d082aa24f35e1b516d23)
Start importing Assets/AurynSky/Dungeon Pack/Models/BlockL02D.fbx using Guid(f0905fb8a8ee77246b67b80417424860) Importer(2089858483,0ecaa5967403d082aa24f35e1b516d23) [PhysX] Initialized MultithreadedTaskDispatcher with 16 workers.
 -> (artifact id: '3490f80978a3bf41223bd2c2ce54d341') in 0.072212 seconds
Number of updated asset objects reloaded before import = 0
Number of asset objects unloaded after import = 8
========================================================================
Received Import Request.
  Time since last request: 0.000036 seconds.
  path: Assets/AurynSky/Dungeon Pack/Textures/ColorPaletteBLUE.png
  artifactKey: Guid(4ab84771e67addf4a830ed400d878fe5) Importer(2089858483,0ecaa5967403d082aa24f35e1b516d23)
Start importing Assets/AurynSky/Dungeon Pack/Textures/ColorPaletteBLUE.png using Guid(4ab84771e67addf4a830ed400d878fe5) Importer(2089858483,0ecaa5967403d082aa24f35e1b516d23) [PhysX] Initialized MultithreadedTaskDispatcher with 16 workers.
 -> (artifact id: '4cfbef8e91709c951fecaa102ba4e109') in 0.063952 seconds
Number of updated asset objects reloaded before import = 0
Number of asset objects unloaded after import = 1
========================================================================
Received Import Request.
  Time since last request: 0.000052 seconds.
  path: Assets/AurynSky/Dungeon Pack/Prefabs/Red/BannerHangingRed.prefab
  artifactKey: Guid(e6d75278ebb9b8343a2b0dd25e2e2e4b) Importer(2089858483,0ecaa5967403d082aa24f35e1b516d23)
Start importing Assets/AurynSky/Dungeon Pack/Prefabs/Red/BannerHangingRed.prefab using Guid(e6d75278ebb9b8343a2b0dd25e2e2e4b) Importer(2089858483,0ecaa5967403d082aa24f35e1b516d23) [PhysX] Initialized MultithreadedTaskDispatcher with 16 workers.
 -> (artifact id: 'c5712e86b089a012f8500140414052d0') in 0.038052 seconds
Number of updated asset objects reloaded before import = 0
Number of asset objects unloaded after import = 36
========================================================================
Received Import Request.
  Time since last request: 0.000040 seconds.
  path: Assets/AurynSky/Dungeon Pack/Prefabs/General/CageD.prefab
  artifactKey: Guid(ee1aeba65983cc34788500f726965fd0) Importer(2089858483,0ecaa5967403d082aa24f35e1b516d23)
Start importing Assets/AurynSky/Dungeon Pack/Prefabs/General/CageD.prefab using Guid(ee1aeba65983cc34788500f726965fd0) Importer(2089858483,0ecaa5967403d082aa24f35e1b516d23) [PhysX] Initialized MultithreadedTaskDispatcher with 16 workers.
 -> (artifact id: 'f2e4b77e159ebb2225eb9892c21dee6d') in 0.035389 seconds
Number of updated asset objects reloaded before import = 0
Number of asset objects unloaded after import = 7
========================================================================
Received Import Request.
  Time since last request: 0.000035 seconds.
  path: Assets/AurynSky/Dungeon Pack/Materials/Grey.mat
  artifactKey: Guid(18e0c23b3ae1ab24a94f61d82f8a53b9) Importer(2089858483,0ecaa5967403d082aa24f35e1b516d23)
Start importing Assets/AurynSky/Dungeon Pack/Materials/Grey.mat using Guid(18e0c23b3ae1ab24a94f61d82f8a53b9) Importer(2089858483,0ecaa5967403d082aa24f35e1b516d23) [PhysX] Initialized MultithreadedTaskDispatcher with 16 workers.
 -> (artifact id: 'bc1f76e7e65a27734b13ff31d3141761') in 0.011688 seconds
Number of updated asset objects reloaded before import = 0
Number of asset objects unloaded after import = 1
========================================================================
Received Import Request.
  Time since last request: 0.000023 seconds.
  path: Assets/AurynSky/Dungeon Pack/Enemies/clank3d/clank.c4d
  artifactKey: Guid(8f79a66cccdc1de4ea9d98884d472ea0) Importer(2089858483,0ecaa5967403d082aa24f35e1b516d23)
Start importing Assets/AurynSky/Dungeon Pack/Enemies/clank3d/clank.c4d using Guid(8f79a66cccdc1de4ea9d98884d472ea0) Importer(2089858483,0ecaa5967403d082aa24f35e1b516d23) [PhysX] Initialized MultithreadedTaskDispatcher with 16 workers.
 -> (artifact id: 'f4ba64b3138e2a028799cfeda6288103') in 0.031030 seconds
Number of updated asset objects reloaded before import = 0
Number of asset objects unloaded after import = 1
========================================================================
Received Import Request.
  Time since last request: 0.000046 seconds.
  path: Assets/AurynSky/Dungeon Pack/Scripts/TrapDoorDemo.cs
  artifactKey: Guid(ebaedce302d34d5449e8ba23de6564cf) Importer(2089858483,0ecaa5967403d082aa24f35e1b516d23)
Start importing Assets/AurynSky/Dungeon Pack/Scripts/TrapDoorDemo.cs using Guid(ebaedce302d34d5449e8ba23de6564cf) Importer(2089858483,0ecaa5967403d082aa24f35e1b516d23) [PhysX] Initialized MultithreadedTaskDispatcher with 16 workers.
 -> (artifact id: '7a3861d15ec21beabf8a9b57af6e164f') in 0.022011 seconds
Number of updated asset objects reloaded before import = 0
Number of asset objects unloaded after import = 1
========================================================================
Received Import Request.
  Time since last request: 0.000051 seconds.
  path: Assets/AurynSky/Dungeon Pack/Prefabs/Blue/BannerHangingBlue.prefab
  artifactKey: Guid(dd94f08ffd3dcfc4da7631490bc5c18b) Importer(2089858483,0ecaa5967403d082aa24f35e1b516d23)
Start importing Assets/AurynSky/Dungeon Pack/Prefabs/Blue/BannerHangingBlue.prefab using Guid(dd94f08ffd3dcfc4da7631490bc5c18b) Importer(2089858483,0ecaa5967403d082aa24f35e1b516d23) [PhysX] Initialized MultithreadedTaskDispatcher with 16 workers.
 -> (artifact id: 'd6f075a9b9b43ede36c4f3f37a37d515') in 0.033376 seconds
Number of updated asset objects reloaded before import = 0
Number of asset objects unloaded after import = 36
========================================================================
Received Import Request.
  Time since last request: 0.000159 seconds.
  path: Assets/AurynSky/Dungeon Pack/Prefabs/Red/BrazRedD.prefab
  artifactKey: Guid(d793708be4ee5be40af341a5bdfc90dd) Importer(2089858483,0ecaa5967403d082aa24f35e1b516d23)
Start importing Assets/AurynSky/Dungeon Pack/Prefabs/Red/BrazRedD.prefab using Guid(d793708be4ee5be40af341a5bdfc90dd) Importer(2089858483,0ecaa5967403d082aa24f35e1b516d23) [PhysX] Initialized MultithreadedTaskDispatcher with 16 workers.
 -> (artifact id: '40c81ef7b950dcf6278a3d781e78a8a4') in 0.045046 seconds
Number of updated asset objects reloaded before import = 0
Number of asset objects unloaded after import = 15
========================================================================
Received Import Request.
  Time since last request: 0.000040 seconds.
  path: Assets/AurynSky/Dungeon Pack/Prefabs/Red/RedPieces/BannerRedD.prefab
  artifactKey: Guid(9c8f026c743d83e43aef440d153aa4c3) Importer(2089858483,0ecaa5967403d082aa24f35e1b516d23)
Start importing Assets/AurynSky/Dungeon Pack/Prefabs/Red/RedPieces/BannerRedD.prefab using Guid(9c8f026c743d83e43aef440d153aa4c3) Importer(2089858483,0ecaa5967403d082aa24f35e1b516d23) [PhysX] Initialized MultithreadedTaskDispatcher with 16 workers.
 -> (artifact id: '3ed81411e10dd06e2eae0f927a569d4f') in 0.047226 seconds
Number of updated asset objects reloaded before import = 0
Number of asset objects unloaded after import = 34
========================================================================
Received Import Request.
  Time since last request: 0.000060 seconds.
  path: Assets/AurynSky/Dungeon Pack/Animation/SwingTrapAnimD.anim
  artifactKey: Guid(d8190137baa0e044ba9dde7b9dbb9ff5) Importer(2089858483,0ecaa5967403d082aa24f35e1b516d23)
Start importing Assets/AurynSky/Dungeon Pack/Animation/SwingTrapAnimD.anim using Guid(d8190137baa0e044ba9dde7b9dbb9ff5) Importer(2089858483,0ecaa5967403d082aa24f35e1b516d23) [PhysX] Initialized MultithreadedTaskDispatcher with 16 workers.
 -> (artifact id: '8894cde0164b89e767256f9a47a74cef') in 0.049402 seconds
Number of updated asset objects reloaded before import = 0
Number of asset objects unloaded after import = 1
========================================================================
Received Import Request.
  Time since last request: 0.000096 seconds.
  path: Assets/AurynSky/Dungeon Pack/Prefabs/Blue/CastleBlueD.prefab
  artifactKey: Guid(340abaf0ec65aa642afbe22e18b0e31f) Importer(2089858483,0ecaa5967403d082aa24f35e1b516d23)
Start importing Assets/AurynSky/Dungeon Pack/Prefabs/Blue/CastleBlueD.prefab using Guid(340abaf0ec65aa642afbe22e18b0e31f) Importer(2089858483,0ecaa5967403d082aa24f35e1b516d23) [PhysX] Initialized MultithreadedTaskDispatcher with 16 workers.
 -> (artifact id: '189e6a0d7c045504c419158d8b1c8406') in 0.046323 seconds
Number of updated asset objects reloaded before import = 0
Number of asset objects unloaded after import = 134
========================================================================
Received Import Request.
  Time since last request: 0.000070 seconds.
  path: Assets/AurynSky/Dungeon Pack/Prefabs/General/GrateTrapD.prefab
  artifactKey: Guid(e93ca683b6c4378479c82039c346df54) Importer(2089858483,0ecaa5967403d082aa24f35e1b516d23)
Start importing Assets/AurynSky/Dungeon Pack/Prefabs/General/GrateTrapD.prefab using Guid(e93ca683b6c4378479c82039c346df54) Importer(2089858483,0ecaa5967403d082aa24f35e1b516d23) [PhysX] Initialized MultithreadedTaskDispatcher with 16 workers.
 -> (artifact id: '3ecb787495ec9ad40311c0657218f300') in 0.020456 seconds
Number of updated asset objects reloaded before import = 0
Number of asset objects unloaded after import = 7
========================================================================
Received Import Request.
  Time since last request: 0.000041 seconds.
  path: Assets/AurynSky/Dungeon Pack/Models/CastleD.fbx
  artifactKey: Guid(586694c0d46cd474f94fc417543a4bff) Importer(2089858483,0ecaa5967403d082aa24f35e1b516d23)
Start importing Assets/AurynSky/Dungeon Pack/Models/CastleD.fbx using Guid(586694c0d46cd474f94fc417543a4bff) Importer(2089858483,0ecaa5967403d082aa24f35e1b516d23) [PhysX] Initialized MultithreadedTaskDispatcher with 16 workers.
 -> (artifact id: 'ab4e7c6eabcf75fef8c0fb6c8591f263') in 0.053438 seconds
Number of updated asset objects reloaded before import = 0
Number of asset objects unloaded after import = 8
========================================================================
Received Import Request.
  Time since last request: 0.000092 seconds.
  path: Assets/AurynSky/Dungeon Pack/Models/BannerHolderLD.fbx
  artifactKey: Guid(ad681b436b88f0744ac5f3f69bd025bd) Importer(2089858483,0ecaa5967403d082aa24f35e1b516d23)
Start importing Assets/AurynSky/Dungeon Pack/Models/BannerHolderLD.fbx using Guid(ad681b436b88f0744ac5f3f69bd025bd) Importer(2089858483,0ecaa5967403d082aa24f35e1b516d23) [PhysX] Initialized MultithreadedTaskDispatcher with 16 workers.
 -> (artifact id: '0073e07c3a44e04bde023699f0d5f75d') in 0.054582 seconds
Number of updated asset objects reloaded before import = 0
Number of asset objects unloaded after import = 8
========================================================================
Received Import Request.
  Time since last request: 0.000017 seconds.
  path: Assets/AurynSky/Dungeon Pack/Particles/FireD.prefab
  artifactKey: Guid(78f0d01015650cc49bf665d463795ff8) Importer(2089858483,0ecaa5967403d082aa24f35e1b516d23)
Start importing Assets/AurynSky/Dungeon Pack/Particles/FireD.prefab using Guid(78f0d01015650cc49bf665d463795ff8) Importer(2089858483,0ecaa5967403d082aa24f35e1b516d23) [PhysX] Initialized MultithreadedTaskDispatcher with 16 workers.
 -> (artifact id: '897ad50c5f43dcdec661746fdf423ea2') in 0.069751 seconds
Number of updated asset objects reloaded before import = 0
Number of asset objects unloaded after import = 6
========================================================================
Received Import Request.
  Time since last request: 0.000052 seconds.
  path: Assets/AurynSky/Dungeon Pack/Materials/Paths.mat
  artifactKey: Guid(3071e42e2787eaf46b192ab295fd066e) Importer(2089858483,0ecaa5967403d082aa24f35e1b516d23)
Start importing Assets/AurynSky/Dungeon Pack/Materials/Paths.mat using Guid(3071e42e2787eaf46b192ab295fd066e) Importer(2089858483,0ecaa5967403d082aa24f35e1b516d23) [PhysX] Initialized MultithreadedTaskDispatcher with 16 workers.
 -> (artifact id: 'd3ae8dd251854a73f98f5e58354f0fe6') in 0.029931 seconds
Number of updated asset objects reloaded before import = 0
Number of asset objects unloaded after import = 1
========================================================================
Received Import Request.
  Time since last request: 0.000074 seconds.
  path: Assets/AurynSky/Dungeon Pack/Materials/Agua.mat
  artifactKey: Guid(e8d5a32b6bf9b2f46b00c9cfd52dc37d) Importer(2089858483,0ecaa5967403d082aa24f35e1b516d23)
Start importing Assets/AurynSky/Dungeon Pack/Materials/Agua.mat using Guid(e8d5a32b6bf9b2f46b00c9cfd52dc37d) Importer(2089858483,0ecaa5967403d082aa24f35e1b516d23) [PhysX] Initialized MultithreadedTaskDispatcher with 16 workers.
 -> (artifact id: '279b560cb3b99d015a4b148f25696b6c') in 0.019186 seconds
Number of updated asset objects reloaded before import = 0
Number of asset objects unloaded after import = 1
========================================================================
Received Import Request.
  Time since last request: 0.000066 seconds.
  path: Assets/AurynSky/Dungeon Pack/Models/ChestBD.fbx
  artifactKey: Guid(3af4cf2d1568eaf46addd8b25118087a) Importer(2089858483,0ecaa5967403d082aa24f35e1b516d23)
Start importing Assets/AurynSky/Dungeon Pack/Models/ChestBD.fbx using Guid(3af4cf2d1568eaf46addd8b25118087a) Importer(2089858483,0ecaa5967403d082aa24f35e1b516d23) [PhysX] Initialized MultithreadedTaskDispatcher with 16 workers.
 -> (artifact id: 'f46d86be232f2e60d058847be1207609') in 0.030097 seconds
Number of updated asset objects reloaded before import = 0
Number of asset objects unloaded after import = 8
========================================================================
Received Import Request.
  Time since last request: 0.000066 seconds.
  path: Assets/AurynSky/Dungeon Pack/Models/BridgeD.fbx
  artifactKey: Guid(ada6e50a1265db04a9cbc25cc77e0e3a) Importer(2089858483,0ecaa5967403d082aa24f35e1b516d23)
Start importing Assets/AurynSky/Dungeon Pack/Models/BridgeD.fbx using Guid(ada6e50a1265db04a9cbc25cc77e0e3a) Importer(2089858483,0ecaa5967403d082aa24f35e1b516d23) [PhysX] Initialized MultithreadedTaskDispatcher with 16 workers.
 -> (artifact id: 'ddb22e586cc6421c9f350c375a1ef10b') in 0.045032 seconds
Number of updated asset objects reloaded before import = 0
Number of asset objects unloaded after import = 8
========================================================================
Received Import Request.
  Time since last request: 0.000039 seconds.
  path: Assets/AurynSky/Dungeon Pack/Models/Pillar02D.fbx
  artifactKey: Guid(4e67f13a313dafe41993b4efd6add774) Importer(2089858483,0ecaa5967403d082aa24f35e1b516d23)
Start importing Assets/AurynSky/Dungeon Pack/Models/Pillar02D.fbx using Guid(4e67f13a313dafe41993b4efd6add774) Importer(2089858483,0ecaa5967403d082aa24f35e1b516d23) [PhysX] Initialized MultithreadedTaskDispatcher with 16 workers.
 -> (artifact id: 'd86a84f9e91de5ee63997931d296ef44') in 0.037084 seconds
Number of updated asset objects reloaded before import = 0
Number of asset objects unloaded after import = 8
========================================================================
Received Import Request.
  Time since last request: 0.000021 seconds.
  path: Assets/AurynSky/Dungeon Pack/Particles/WaterFallSlime.prefab
  artifactKey: Guid(a81d55466162f4e468ace94352031b21) Importer(2089858483,0ecaa5967403d082aa24f35e1b516d23)
Start importing Assets/AurynSky/Dungeon Pack/Particles/WaterFallSlime.prefab using Guid(a81d55466162f4e468ace94352031b21) Importer(2089858483,0ecaa5967403d082aa24f35e1b516d23) [PhysX] Initialized MultithreadedTaskDispatcher with 16 workers.
 -> (artifact id: '3259a8104bb4e64e5bbeca871685aaa7') in 0.065269 seconds
Number of updated asset objects reloaded before import = 0
Number of asset objects unloaded after import = 6
========================================================================
Received Import Request.
  Time since last request: 0.000069 seconds.
  path: Assets/AurynSky/Dungeon Pack/Materials/Fuego.mat
  artifactKey: Guid(9b13aa7aaf87405418bbdf420c2fe1e9) Importer(2089858483,0ecaa5967403d082aa24f35e1b516d23)
Start importing Assets/AurynSky/Dungeon Pack/Materials/Fuego.mat using Guid(9b13aa7aaf87405418bbdf420c2fe1e9) Importer(2089858483,0ecaa5967403d082aa24f35e1b516d23) [PhysX] Initialized MultithreadedTaskDispatcher with 16 workers.
 -> (artifact id: 'f1ac9f9a490ad8797096deb08a7a6200') in 0.035456 seconds
Number of updated asset objects reloaded before import = 0
Number of asset objects unloaded after import = 1
========================================================================
Received Import Request.
  Time since last request: 0.000051 seconds.
  path: Assets/AurynSky/Dungeon Pack/Animation/SwingTrapD.controller
  artifactKey: Guid(06983a507e20e5e46a58f7f8d1f59a45) Importer(2089858483,0ecaa5967403d082aa24f35e1b516d23)
Start importing Assets/AurynSky/Dungeon Pack/Animation/SwingTrapD.controller using Guid(06983a507e20e5e46a58f7f8d1f59a45) Importer(2089858483,0ecaa5967403d082aa24f35e1b516d23) [PhysX] Initialized MultithreadedTaskDispatcher with 16 workers.
 -> (artifact id: '4f6d12cf84374384e3465a5991747d94') in 0.020602 seconds
Number of updated asset objects reloaded before import = 0
Number of asset objects unloaded after import = 4
========================================================================
Received Import Request.
  Time since last request: 0.000118 seconds.
  path: Assets/AurynSky/Dungeon Pack/Prefabs/Traps/TrapDoor.prefab
  artifactKey: Guid(a1644dd8880d0594d970514153034e86) Importer(2089858483,0ecaa5967403d082aa24f35e1b516d23)
Start importing Assets/AurynSky/Dungeon Pack/Prefabs/Traps/TrapDoor.prefab using Guid(a1644dd8880d0594d970514153034e86) Importer(2089858483,0ecaa5967403d082aa24f35e1b516d23) [PhysX] Initialized MultithreadedTaskDispatcher with 16 workers.
 -> (artifact id: '3e4f435819ee21a73f7fcc13be1bfdb5') in 0.021161 seconds
Number of updated asset objects reloaded before import = 0
Number of asset objects unloaded after import = 0
========================================================================
Received Import Request.
  Time since last request: 0.000114 seconds.
  path: Assets/AurynSky/Dungeon Pack/Prefabs/General/Floor01D.prefab
  artifactKey: Guid(e158d3f5328e1fe4196ecc5d8eebcee8) Importer(2089858483,0ecaa5967403d082aa24f35e1b516d23)
Start importing Assets/AurynSky/Dungeon Pack/Prefabs/General/Floor01D.prefab using Guid(e158d3f5328e1fe4196ecc5d8eebcee8) Importer(2089858483,0ecaa5967403d082aa24f35e1b516d23) [PhysX] Initialized MultithreadedTaskDispatcher with 16 workers.
 -> (artifact id: '127a0f7b059a15687c9e81cb6d3de24d') in 0.059413 seconds
Number of updated asset objects reloaded before import = 0
Number of asset objects unloaded after import = 7
========================================================================
Received Import Request.
  Time since last request: 0.000082 seconds.
  path: Assets/AurynSky/Dungeon Pack/Prefabs/General/Window.prefab
  artifactKey: Guid(1e79dbc17f432da4bbadfe8f90200c4d) Importer(2089858483,0ecaa5967403d082aa24f35e1b516d23)
Start importing Assets/AurynSky/Dungeon Pack/Prefabs/General/Window.prefab using Guid(1e79dbc17f432da4bbadfe8f90200c4d) Importer(2089858483,0ecaa5967403d082aa24f35e1b516d23) [PhysX] Initialized MultithreadedTaskDispatcher with 16 workers.
 -> (artifact id: 'efd888f84b8d1670f1c8bd9cb76c637e') in 0.056512 seconds
Number of updated asset objects reloaded before import = 0
Number of asset objects unloaded after import = 7
========================================================================
Received Import Request.
  Time since last request: 0.000063 seconds.
  path: Assets/AurynSky/Dungeon Pack/Particles/SmokeD.prefab
  artifactKey: Guid(9352e285c4b7fc74682fcb287430f681) Importer(2089858483,0ecaa5967403d082aa24f35e1b516d23)
Start importing Assets/AurynSky/Dungeon Pack/Particles/SmokeD.prefab using Guid(9352e285c4b7fc74682fcb287430f681) Importer(2089858483,0ecaa5967403d082aa24f35e1b516d23) [PhysX] Initialized MultithreadedTaskDispatcher with 16 workers.
 -> (artifact id: 'b05adc2733bebcd45f5404aa7a94668f') in 0.061441 seconds
Number of updated asset objects reloaded before import = 0
Number of asset objects unloaded after import = 6
========================================================================
Received Import Request.
  Time since last request: 0.000050 seconds.
  path: Assets/AurynSky/Dungeon Pack/Prefabs/Blue/BluePieces/BannerBlueD.prefab
  artifactKey: Guid(d3df2bc26ac7b3e4ab8d741c13e0869a) Importer(2089858483,0ecaa5967403d082aa24f35e1b516d23)
Start importing Assets/AurynSky/Dungeon Pack/Prefabs/Blue/BluePieces/BannerBlueD.prefab using Guid(d3df2bc26ac7b3e4ab8d741c13e0869a) Importer(2089858483,0ecaa5967403d082aa24f35e1b516d23) [PhysX] Initialized MultithreadedTaskDispatcher with 16 workers.
 -> (artifact id: 'e78f2346a87bd649cd7e9fb5a098aec2') in 0.044508 seconds
Number of updated asset objects reloaded before import = 0
Number of asset objects unloaded after import = 34
========================================================================
Received Prepare
Caller must complete domain reload
Begin MonoManager ReloadAssembly
- Loaded All Assemblies, in  0.446 seconds
Native extension for WindowsStandalone target not found
[Package Manager] Server::EnsureServerProcessIsRunning -- launch failed, reason: Unity was launched with the -noUpm command-line argument
[Package Manager] UpmClient::Send -- Unable to send message (not connected to UPM process).
[Package Manager] Cannot connect to Unity Package Manager local server
Mono: successfully reloaded assembly
- Finished resetting the current domain, in  0.739 seconds
Domain Reload Profiling: 1183ms
	BeginReloadAssembly (166ms)
		ExecutionOrderSort (0ms)
		DisableScriptedObjects (5ms)
		BackupInstance (0ms)
		ReleaseScriptingObjects (0ms)
		CreateAndSetChildDomain (42ms)
	RebuildCommonClasses (26ms)
	RebuildNativeTypeToScriptingClass (8ms)
	initialDomainReloadingComplete (25ms)
	LoadAllAssembliesAndSetupDomain (219ms)
		LoadAssemblies (288ms)
		RebuildTransferFunctionScriptingTraits (0ms)
		AnalyzeDomain (20ms)
			TypeCache.Refresh (9ms)
				TypeCache.ScanAssembly (0ms)
			ScanForSourceGeneratedMonoScriptInfo (6ms)
			ResolveRequiredComponents (4ms)
	FinalizeReload (739ms)
		ReleaseScriptCaches (0ms)
		RebuildScriptCaches (0ms)
		SetupLoadedEditorAssemblies (366ms)
			LogAssemblyErrors (0ms)
			InitializePlatformSupportModulesInManaged (8ms)
			SetLoadedEditorAssemblies (4ms)
			RefreshPlugins (0ms)
			BeforeProcessingInitializeOnLoad (58ms)
			ProcessInitializeOnLoadAttributes (275ms)
			ProcessInitializeOnLoadMethodAttributes (15ms)
			AfterProcessingInitializeOnLoad (6ms)
			EditorAssembliesLoaded (0ms)
		ExecutionOrderSort2 (0ms)
		AwakeInstancesAfterBackupRestoration (5ms)
Refreshing native plugins compatible for Editor in 2.90 ms, found 3 plugins.
Preloading 0 native plugins for Editor in 0.00 ms.
Unloading 3084 Unused Serialized files (Serialized files now loaded: 0)
Unloading 15 unused Assets / (56.7 KB). Loaded Objects now: 3612.
Memory consumption went from 122.6 MB to 122.6 MB.
Total: 2.800600 ms (FindLiveObjects: 0.354900 ms CreateObjectMapping: 0.175500 ms MarkObjects: 2.190000 ms  DeleteObjects: 0.079600 ms)

Prepare: number of updated asset objects reloaded= 0
AssetImportParameters requested are different than current active one (requested -> active):
  custom:container-demuxer-ogg: 62fdf1f143b41e24485cea50d1cbac27 -> 
  custom:video-decoder-ogg-theora: a1e56fd34408186e4bbccfd4996cb3dc -> 
  custom:framework-win-MediaFoundation: 216162199b28c13a410421893ffa2e32 -> 
  custom:CustomObjectIndexerAttribute: 9a22284fe3817be447336de3de66b15e -> 
  custom:container-demuxer-webm: 4f35f7cbe854078d1ac9338744f61a02 -> 
  custom:container-muxer-webm: aa71ff27fc2769a1b78a27578f13a17b -> 
  custom:video-decoder-webm-vp8: 9c59270c3fd7afecdb556c50c9e8de78 -> 
  custom:SearchIndexIgnoredProperties: e643bd26f0fe6173181afceb89e7c659 -> 
  custom:AudioImporter_EditorPlatform: d09bf68614088b80899f8185d706f6e7 -> 
  custom:video-encoder-webm-vp8: eb34c28f22e8b96e1ab97ce403110664 -> 
  custom:audio-decoder-ogg-vorbis: bf7c407c2cedff20999df2af8eb42d56 -> 
  custom:scripting/monoscript/fileName/PlayerMovement.cs: 42480eed24e61f9d7e7e895933644f96 -> 
  custom:audio-encoder-webm-vorbis: bf7c407c2cedff20999df2af8eb42d56 -> 
  custom:scripting/precompiled-assembly-types:Assembly-CSharp: c851aa79d5a0218de83cae7ab5f0177b -> b047898c08c4a4cad8424ed9a603eb17
Editor requested this worker to shutdown with reason: Scaling down because of idle timeout
TcpMessagingSession - receive error: operation aborted. errorcode: 995, details: La operacin de E/S se anul por una salida de subproceso o por una solicitud de aplicacin.
AssetImportWorker is now disconnected from the server
Process exiting
Exiting without the bug reporter. Application will terminate with return code 0